<?xml version="1.0" encoding="UTF-8"?>
<!-- Generated by org.testng.reporters.JUnitReportReporter -->
<testsuite hostname="LAPTOP-526NB4VC" failures="0" tests="1" name="Scripts.TestCase1" time="8.367" errors="0" timestamp="2023-09-06T10:44:23 IST" skipped="0">
  <testcase classname="Scripts.TestCase1" name="tc1" time="8.367"/>
</testsuite> <!-- Scripts.TestCase1 -->
