<?xml version="1.0" encoding="UTF-8"?>
<!-- Generated by org.testng.reporters.JUnitReportReporter -->
<testsuite hostname="LAPTOP-526NB4VC" failures="0" tests="1" name="Scripts.TestCase2" time="7.955" errors="0" timestamp="2023-09-06T11:17:38 IST" skipped="0">
  <testcase classname="Scripts.TestCase2" name="tc2" time="7.955"/>
</testsuite> <!-- Scripts.TestCase2 -->
